\BOOKMARK [0][-]{chapter.1}{\376\377\000C\000l\000a\000s\000s\000\040\000I\000n\000d\000e\000x}{}% 1
\BOOKMARK [1][-]{section.1.1}{\376\377\000C\000l\000a\000s\000s\000\040\000L\000i\000s\000t}{chapter.1}% 2
\BOOKMARK [0][-]{chapter.2}{\376\377\000F\000i\000l\000e\000\040\000I\000n\000d\000e\000x}{}% 3
\BOOKMARK [1][-]{section.2.1}{\376\377\000F\000i\000l\000e\000\040\000L\000i\000s\000t}{chapter.2}% 4
\BOOKMARK [0][-]{chapter.3}{\376\377\000C\000l\000a\000s\000s\000\040\000D\000o\000c\000u\000m\000e\000n\000t\000a\000t\000i\000o\000n}{}% 5
\BOOKMARK [1][-]{section.3.1}{\376\377\000C\000O\000R\000N\000E\000R\000\137\000L\000I\000S\000T\000\040\000S\000t\000r\000u\000c\000t\000\040\000R\000e\000f\000e\000r\000e\000n\000c\000e}{chapter.3}% 6
\BOOKMARK [2][-]{subsection.3.1.1}{\376\377\000M\000e\000m\000b\000e\000r\000\040\000D\000a\000t\000a\000\040\000D\000o\000c\000u\000m\000e\000n\000t\000a\000t\000i\000o\000n}{section.3.1}% 7
\BOOKMARK [3][-]{subsubsection.3.1.1.1}{\376\377\000d\000x}{subsection.3.1.1}% 8
\BOOKMARK [3][-]{subsubsection.3.1.1.2}{\376\377\000d\000y}{subsection.3.1.1}% 9
\BOOKMARK [3][-]{subsubsection.3.1.1.3}{\376\377\000I}{subsection.3.1.1}% 10
\BOOKMARK [3][-]{subsubsection.3.1.1.4}{\376\377\000i\000n\000f\000o}{subsection.3.1.1}% 11
\BOOKMARK [3][-]{subsubsection.3.1.1.5}{\376\377\000x}{subsection.3.1.1}% 12
\BOOKMARK [3][-]{subsubsection.3.1.1.6}{\376\377\000y}{subsection.3.1.1}% 13
\BOOKMARK [0][-]{chapter.4}{\376\377\000F\000i\000l\000e\000\040\000D\000o\000c\000u\000m\000e\000n\000t\000a\000t\000i\000o\000n}{}% 14
\BOOKMARK [1][-]{section.4.1}{\376\377\000s\000u\000s\000a\000n\000.\000c\000\040\000F\000i\000l\000e\000\040\000R\000e\000f\000e\000r\000e\000n\000c\000e}{chapter.4}% 15
\BOOKMARK [2][-]{subsection.4.1.1}{\376\377\000M\000a\000c\000r\000o\000\040\000D\000e\000f\000i\000n\000i\000t\000i\000o\000n\000\040\000D\000o\000c\000u\000m\000e\000n\000t\000a\000t\000i\000o\000n}{section.4.1}% 16
\BOOKMARK [3][-]{subsubsection.4.1.1.1}{\376\377\000e\000x\000i\000t\000\137\000e\000r\000r\000o\000r}{subsection.4.1.1}% 17
\BOOKMARK [3][-]{subsubsection.4.1.1.2}{\376\377\000F\000T\000O\000I}{subsection.4.1.1}% 18
\BOOKMARK [3][-]{subsubsection.4.1.1.3}{\376\377\000M\000A\000X\000\137\000C\000O\000R\000N\000E\000R\000S}{subsection.4.1.1}% 19
\BOOKMARK [3][-]{subsubsection.4.1.1.4}{\376\377\000S\000E\000V\000E\000N\000\137\000S\000U\000P\000P}{subsection.4.1.1}% 20
\BOOKMARK [2][-]{subsection.4.1.2}{\376\377\000T\000y\000p\000e\000d\000e\000f\000\040\000D\000o\000c\000u\000m\000e\000n\000t\000a\000t\000i\000o\000n}{section.4.1}% 21
\BOOKMARK [3][-]{subsubsection.4.1.2.1}{\376\377\000T\000O\000T\000A\000L\000\137\000T\000Y\000P\000E}{subsection.4.1.2}% 22
\BOOKMARK [3][-]{subsubsection.4.1.2.2}{\376\377\000u\000c\000h\000a\000r}{subsection.4.1.2}% 23
\BOOKMARK [2][-]{subsection.4.1.3}{\376\377\000F\000u\000n\000c\000t\000i\000o\000n\000\040\000D\000o\000c\000u\000m\000e\000n\000t\000a\000t\000i\000o\000n}{section.4.1}% 24
\BOOKMARK [3][-]{subsubsection.4.1.3.1}{\376\377\000c\000o\000r\000n\000e\000r\000\137\000d\000r\000a\000w}{subsection.4.1.3}% 25
\BOOKMARK [3][-]{subsubsection.4.1.3.2}{\376\377\000e\000d\000g\000e\000\137\000d\000r\000a\000w}{subsection.4.1.3}% 26
\BOOKMARK [3][-]{subsubsection.4.1.3.3}{\376\377\000e\000n\000l\000a\000r\000g\000e}{subsection.4.1.3}% 27
\BOOKMARK [3][-]{subsubsection.4.1.3.4}{\376\377\000g\000e\000t\000\137\000i\000m\000a\000g\000e}{subsection.4.1.3}% 28
\BOOKMARK [3][-]{subsubsection.4.1.3.5}{\376\377\000g\000e\000t\000i\000n\000t}{subsection.4.1.3}% 29
\BOOKMARK [3][-]{subsubsection.4.1.3.6}{\376\377\000i\000n\000t\000\137\000t\000o\000\137\000u\000c\000h\000a\000r}{subsection.4.1.3}% 30
\BOOKMARK [3][-]{subsubsection.4.1.3.7}{\376\377\000m\000a\000i\000n}{subsection.4.1.3}% 31
\BOOKMARK [3][-]{subsubsection.4.1.3.8}{\376\377\000m\000e\000d\000i\000a\000n}{subsection.4.1.3}% 32
\BOOKMARK [3][-]{subsubsection.4.1.3.9}{\376\377\000p\000u\000t\000\137\000i\000m\000a\000g\000e}{subsection.4.1.3}% 33
\BOOKMARK [3][-]{subsubsection.4.1.3.10}{\376\377\000s\000e\000t\000u\000p\000\137\000b\000r\000i\000g\000h\000t\000n\000e\000s\000s\000\137\000l\000u\000t}{subsection.4.1.3}% 34
\BOOKMARK [3][-]{subsubsection.4.1.3.11}{\376\377\000s\000u\000s\000a\000n\000\137\000c\000o\000r\000n\000e\000r\000s}{subsection.4.1.3}% 35
\BOOKMARK [3][-]{subsubsection.4.1.3.12}{\376\377\000s\000u\000s\000a\000n\000\137\000c\000o\000r\000n\000e\000r\000s\000\137\000q\000u\000i\000c\000k}{subsection.4.1.3}% 36
\BOOKMARK [3][-]{subsubsection.4.1.3.13}{\376\377\000s\000u\000s\000a\000n\000\137\000e\000d\000g\000e\000s}{subsection.4.1.3}% 37
\BOOKMARK [3][-]{subsubsection.4.1.3.14}{\376\377\000s\000u\000s\000a\000n\000\137\000e\000d\000g\000e\000s\000\137\000s\000m\000a\000l\000l}{subsection.4.1.3}% 38
\BOOKMARK [3][-]{subsubsection.4.1.3.15}{\376\377\000s\000u\000s\000a\000n\000\137\000p\000r\000i\000n\000c\000i\000p\000l\000e}{subsection.4.1.3}% 39
\BOOKMARK [3][-]{subsubsection.4.1.3.16}{\376\377\000s\000u\000s\000a\000n\000\137\000p\000r\000i\000n\000c\000i\000p\000l\000e\000\137\000s\000m\000a\000l\000l}{subsection.4.1.3}% 40
\BOOKMARK [3][-]{subsubsection.4.1.3.17}{\376\377\000s\000u\000s\000a\000n\000\137\000s\000m\000o\000o\000t\000h\000i\000n\000g}{subsection.4.1.3}% 41
\BOOKMARK [3][-]{subsubsection.4.1.3.18}{\376\377\000s\000u\000s\000a\000n\000\137\000t\000h\000i\000n}{subsection.4.1.3}% 42
\BOOKMARK [3][-]{subsubsection.4.1.3.19}{\376\377\000u\000s\000a\000g\000e}{subsection.4.1.3}% 43
